<?xml version="1.0" encoding="UTF-8"?>
<testng-results ignored="0" total="1" passed="1" failed="0" skipped="0">
  <reporter-output>
  </reporter-output>
  <suite started-at="2021-10-09T23:52:12 IST" name="Default suite" finished-at="2021-10-09T23:52:15 IST" duration-ms="2916">
    <groups>
    </groups>
    <test started-at="2021-10-09T23:52:12 IST" name="Default test" finished-at="2021-10-09T23:52:15 IST" duration-ms="2916">
      <class name="comm.seleniumUIAutomation.Script.VerifyUserIsAbleToLogin">
        <test-method is-config="true" signature="intialization()[pri:0, instance:comm.seleniumUIAutomation.Script.VerifyUserIsAbleToLogin@2892dae4]" started-at="2021-10-09T23:51:54 IST" name="intialization" finished-at="2021-10-09T23:52:12 IST" duration-ms="18460" status="PASS">
          <reporter-output>
          </reporter-output>
        </test-method> <!-- intialization -->
        <test-method signature="loginToApplication()[pri:0, instance:comm.seleniumUIAutomation.Script.VerifyUserIsAbleToLogin@2892dae4]" started-at="2021-10-09T23:52:12 IST" name="loginToApplication" finished-at="2021-10-09T23:52:15 IST" duration-ms="2694" status="PASS">
          <reporter-output>
          </reporter-output>
        </test-method> <!-- loginToApplication -->
        <test-method is-config="true" signature="teardown()[pri:0, instance:comm.seleniumUIAutomation.Script.VerifyUserIsAbleToLogin@2892dae4]" started-at="2021-10-09T23:52:15 IST" name="teardown" finished-at="2021-10-09T23:52:15 IST" duration-ms="174" status="PASS">
          <reporter-output>
          </reporter-output>
        </test-method> <!-- teardown -->
      </class> <!-- comm.seleniumUIAutomation.Script.VerifyUserIsAbleToLogin -->
    </test> <!-- Default test -->
  </suite> <!-- Default suite -->
</testng-results>
